<?xml version="1.0" encoding="UTF-8"?>
<testsuite xmlns:xsi="http://www.w3.org/2001/XMLSchema-instance" xsi:noNamespaceSchemaLocation="https://maven.apache.org/surefire/maven-surefire-plugin/xsd/surefire-test-report-3.0.xsd" version="3.0" name="com.example.internetshop.InternetShopApplicationTests" time="34.7" tests="1" errors="0" skipped="0" failures="0">
  <properties>
[...]
</properties>
  <testcase name="contextLoads" classname="com.example.internetshop.InternetShopApplicationTests" time="5.131">
    <system-out><![CDATA[21:26:00.874 [main] INFO org.springframework.test.context.support.AnnotationConfigContextLoaderUtils -- Could not detect default configuration classes for test class [com.example.internetshop.InternetShopApplicationTests]: InternetShopApplicationTests does not declare any static, non-private, non-final, nested classes annotated with @Configuration.
21:26:01.240 [main] INFO org.springframework.boot.test.context.SpringBootTestContextBootstrapper -- Found @SpringBootConfiguration com.example.internetshop.InternetShopApplication for test class com.example.internetshop.InternetShopApplicationTests

  .   ____          _            __ _ _
 /\\ / ___'_ __ _ _(_)_ __  __ _ \ \ \ \
( ( )\___ | '_ | '_| | '_ \/ _` | \ \ \ \
 \\/  ___)| |_)| | | | | || (_| |  ) ) ) )
  '  |____| .__|_| |_|_| |_\__, | / / / /
 =========|_|==============|___/=/_/_/_/
 :: Spring Boot ::                (v3.2.0)

2023-12-29T21:26:02.445+02:00  INFO 2768 --- [           main] c.e.i.InternetShopApplicationTests       : Starting InternetShopApplicationTests using Java 21.0.1 with PID 2768 (started by OVERLORD in C:\Users\OVERLORD\IdeaProjects\InternetShop)
2023-12-29T21:26:02.448+02:00  INFO 2768 --- [           main] c.e.i.InternetShopApplicationTests       : No active profile set, falling back to 1 default profile: "default"
2023-12-29T21:26:06.052+02:00  INFO 2768 --- [           main] .s.d.r.c.RepositoryConfigurationDelegate : Bootstrapping Spring Data JPA repositories in DEFAULT mode.
2023-12-29T21:26:06.321+02:00  INFO 2768 --- [           main] .s.d.r.c.RepositoryConfigurationDelegate : Finished Spring Data repository scanning in 246 ms. Found 9 JPA repository interfaces.
2023-12-29T21:26:08.535+02:00  INFO 2768 --- [           main] com.zaxxer.hikari.HikariDataSource       : HikariPool-1 - Starting...
2023-12-29T21:26:09.300+02:00  INFO 2768 --- [           main] com.zaxxer.hikari.pool.HikariPool        : HikariPool-1 - Added connection org.postgresql.jdbc.PgConnection@49671897
2023-12-29T21:26:09.304+02:00  INFO 2768 --- [           main] com.zaxxer.hikari.HikariDataSource       : HikariPool-1 - Start completed.
2023-12-29T21:26:09.707+02:00  INFO 2768 --- [           main] o.hibernate.jpa.internal.util.LogHelper  : HHH000204: Processing PersistenceUnitInfo [name: default]
2023-12-29T21:26:10.313+02:00  INFO 2768 --- [           main] org.hibernate.Version                    : HHH000412: Hibernate ORM core version 6.3.1.Final
2023-12-29T21:26:10.614+02:00  INFO 2768 --- [           main] o.h.c.internal.RegionFactoryInitiator    : HHH000026: Second-level cache disabled
2023-12-29T21:26:11.715+02:00  INFO 2768 --- [           main] o.s.o.j.p.SpringPersistenceUnitInfo      : No LoadTimeWeaver setup: ignoring JPA class transformer
2023-12-29T21:26:16.173+02:00  INFO 2768 --- [           main] o.h.e.t.j.p.i.JtaPlatformInitiator       : HHH000489: No JTA platform available (set 'hibernate.transaction.jta.platform' to enable JTA platform integration)
2023-12-29T21:26:16.558+02:00  INFO 2768 --- [           main] j.LocalContainerEntityManagerFactoryBean : Initialized JPA EntityManagerFactory for persistence unit 'default'
2023-12-29T21:26:18.194+02:00  INFO 2768 --- [           main] o.s.d.j.r.query.QueryEnhancerFactory     : Hibernate is in classpath; If applicable, HQL parser will be used.
2023-12-29T21:26:22.665+02:00  WARN 2768 --- [           main] .s.s.UserDetailsServiceAutoConfiguration : 

Using generated security password: dbcdb2f8-4eda-4ad9-a6a0-cffca5ece8d0

This generated password is for development use only. Your security configuration must be updated before running your application in production.

2023-12-29T21:26:22.959+02:00  INFO 2768 --- [           main] o.s.s.web.DefaultSecurityFilterChain     : Will secure any request with [org.springframework.security.web.session.DisableEncodeUrlFilter@2471cfa0, org.springframework.security.web.context.request.async.WebAsyncManagerIntegrationFilter@4a907e5a, org.springframework.security.web.context.SecurityContextHolderFilter@51cbd1d, org.springframework.security.web.header.HeaderWriterFilter@41fc5625, org.springframework.security.web.authentication.logout.LogoutFilter@1ec22804, org.springframework.security.web.savedrequest.RequestCacheAwareFilter@3e13a74, org.springframework.security.web.servletapi.SecurityContextHolderAwareRequestFilter@594ea722, org.springframework.security.web.authentication.AnonymousAuthenticationFilter@52c22bc5, org.springframework.security.web.access.ExceptionTranslationFilter@12aa9370, org.springframework.security.web.access.intercept.AuthorizationFilter@4dd4a4e]
2023-12-29T21:26:29.750+02:00  INFO 2768 --- [           main] c.e.i.InternetShopApplicationTests       : Started InternetShopApplicationTests in 28.048 seconds (process running for 31.658)
]]></system-out>
    <system-err><![CDATA[WARNING: A Java agent has been loaded dynamically (C:\Users\OVERLORD\.m2\repository\net\bytebuddy\byte-buddy-agent\1.14.10\byte-buddy-agent-1.14.10.jar)
WARNING: If a serviceability tool is in use, please run with -XX:+EnableDynamicAgentLoading to hide this warning
WARNING: If a serviceability tool is not in use, please run with -Djdk.instrument.traceUsage for more information
WARNING: Dynamic loading of agents will be disallowed by default in a future release
]]></system-err>
  </testcase>
</testsuite>